[    0.000000] Linux version 5.15.0-60-generic (buildd@lcy02-amd64-054) (gcc (Ubuntu 11.3.0-1ubuntu1~22.04) 11.3.0, GNU ld (GNU Binutils for Ubuntu) 2.38) #66-Ubuntu SMP Fri Jan 20 14:29:49 UTC 2023 (Ubuntu 5.15.0-60.66-generic 5.15.78)
[    0.000000] Command line: BOOT_IMAGE=/boot/vmlinuz-5.15.0-60-generic root=UUID=3a319da5-3f27-4b91-88e1-848024c83f21 ro console=tty1 console=ttyS0
[    0.000000] KERNEL supported cpus:
[    0.000000]   Intel GenuineIntel
[    0.000000]   AMD AuthenticAMD
[    0.000000]   Hygon HygonGenuine
[    0.000000]   Centaur CentaurHauls
[    0.000000]   zhaoxin   Shanghai  
[    0.000000] [Firmware Bug]: TSC doesn't count with P0 frequency!
[    0.000000] x86/fpu: Supporting XSAVE feature 0x001: 'x87 floating point registers'
[    0.000000] x86/fpu: Supporting XSAVE feature 0x002: 'SSE registers'
[    0.000000] x86/fpu: Supporting XSAVE feature 0x004: 'AVX registers'
[    0.000000] x86/fpu: xstate_offset[2]:  576, xstate_sizes[2]:  256
[    0.000000] x86/fpu: Enabled xstate features 0x7, context size is 832 bytes, using 'standard' format.
[    0.000000] signal: max sigframe size: 1776
[    0.000000] BIOS-provided physical RAM map:
[    0.000000] BIOS-e820: [mem 0x0000000000000000-0x000000000009fbff] usable
[    0.000000] BIOS-e820: [mem 0x000000000009fc00-0x000000000009ffff] reserved
[    0.000000] BIOS-e820: [mem 0x00000000000f0000-0x00000000000fffff] reserved
[    0.000000] BIOS-e820: [mem 0x0000000000100000-0x00000000c17effff] usable
[    0.000000] BIOS-e820: [mem 0x00000000c17f0000-0x00000000c17fffff] ACPI data
[    0.000000] BIOS-e820: [mem 0x00000000fec00000-0x00000000fec00fff] reserved
[    0.000000] BIOS-e820: [mem 0x00000000fee00000-0x00000000fee00fff] reserved
[    0.000000] BIOS-e820: [mem 0x00000000fffc0000-0x00000000ffffffff] reserved
[    0.000000] NX (Execute Disable) protection: active
[    0.000000] SMBIOS 2.5 present.
[    0.000000] DMI: innotek GmbH VirtualBox/VirtualBox, BIOS VirtualBox 12/01/2006
[    0.000000] Hypervisor detected: KVM
[    0.000000] kvm-clock: Using msrs 4b564d01 and 4b564d00
[    0.000000] kvm-clock: cpu 0, msr 74e01001, primary cpu clock
[    0.000001] kvm-clock: using sched offset of 3489713533 cycles
[    0.000003] clocksource: kvm-clock: mask: 0xffffffffffffffff max_cycles: 0x1cd42e4dffb, max_idle_ns: 881590591483 ns
[    0.000006] tsc: Detected 3799.992 MHz processor
[    0.000833] last_pfn = 0xc17f0 max_arch_pfn = 0x400000000
[    0.000845] Disabled
[    0.000846] x86/PAT: MTRRs disabled, skipping PAT initialization too.
[    0.000848] CPU MTRRs all blank - virtualized system.
[    0.000850] x86/PAT: Configuration [0-7]: WB  WT  UC- UC  WB  WT  UC- UC  
[    0.000873] found SMP MP-table at [mem 0x0009fff0-0x0009ffff]
[    0.001029] RAMDISK: [mem 0x2b2f7000-0x31972fff]
[    0.001035] ACPI: Early table checksum verification disabled
[    0.001038] ACPI: RSDP 0x00000000000E0000 000024 (v02 VBOX  )
[    0.001041] ACPI: XSDT 0x00000000C17F0030 00003C (v01 VBOX   VBOXXSDT 00000001 ASL  00000061)
[    0.001045] ACPI: FACP 0x00000000C17F00F0 0000F4 (v04 VBOX   VBOXFACP 00000001 ASL  00000061)
[    0.001050] ACPI: DSDT 0x00000000C17F0610 002353 (v02 VBOX   VBOXBIOS 00000002 INTL 20100528)
[    0.001052] ACPI: FACS 0x00000000C17F0200 000040
[    0.001054] ACPI: FACS 0x00000000C17F0200 000040
[    0.001056] ACPI: APIC 0x00000000C17F0240 00005C (v02 VBOX   VBOXAPIC 00000001 ASL  00000061)
[    0.001058] ACPI: SSDT 0x00000000C17F02A0 00036C (v01 VBOX   VBOXCPUT 00000002 INTL 20100528)
[    0.001060] ACPI: Reserving FACP table memory at [mem 0xc17f00f0-0xc17f01e3]
[    0.001061] ACPI: Reserving DSDT table memory at [mem 0xc17f0610-0xc17f2962]
[    0.001062] ACPI: Reserving FACS table memory at [mem 0xc17f0200-0xc17f023f]
[    0.001063] ACPI: Reserving FACS table memory at [mem 0xc17f0200-0xc17f023f]
[    0.001063] ACPI: Reserving APIC table memory at [mem 0xc17f0240-0xc17f029b]
[    0.001064] ACPI: Reserving SSDT table memory at [mem 0xc17f02a0-0xc17f060b]
[    0.001229] No NUMA configuration found
[    0.001230] Faking a node at [mem 0x0000000000000000-0x00000000c17effff]
[    0.001236] NODE_DATA(0) allocated [mem 0xc17c6000-0xc17effff]
[    0.001424] Zone ranges:
[    0.001425]   DMA      [mem 0x0000000000001000-0x0000000000ffffff]
[    0.001426]   DMA32    [mem 0x0000000001000000-0x00000000c17effff]
[    0.001428]   Normal   empty
[    0.001428]   Device   empty
[    0.001429] Movable zone start for each node
[    0.001432] Early memory node ranges
[    0.001432]   node   0: [mem 0x0000000000001000-0x000000000009efff]
[    0.001433]   node   0: [mem 0x0000000000100000-0x00000000c17effff]
[    0.001435] Initmem setup node 0 [mem 0x0000000000001000-0x00000000c17effff]
[    0.001476] On node 0, zone DMA: 1 pages in unavailable ranges
[    0.001494] On node 0, zone DMA: 97 pages in unavailable ranges
[    0.006425] On node 0, zone DMA32: 26640 pages in unavailable ranges
[    0.006676] ACPI: PM-Timer IO Port: 0x4008
[    0.006723] IOAPIC[0]: apic_id 2, version 32, address 0xfec00000, GSI 0-23
[    0.006725] ACPI: INT_SRC_OVR (bus 0 bus_irq 0 global_irq 2 dfl dfl)
[    0.006727] ACPI: INT_SRC_OVR (bus 0 bus_irq 9 global_irq 9 low level)
[    0.006730] ACPI: Using ACPI (MADT) for SMP configuration information
[    0.006735] smpboot: Allowing 2 CPUs, 0 hotplug CPUs
[    0.006754] PM: hibernation: Registered nosave memory: [mem 0x00000000-0x00000fff]
[    0.006755] PM: hibernation: Registered nosave memory: [mem 0x0009f000-0x0009ffff]
[    0.006756] PM: hibernation: Registered nosave memory: [mem 0x000a0000-0x000effff]
[    0.006757] PM: hibernation: Registered nosave memory: [mem 0x000f0000-0x000fffff]
[    0.006758] [mem 0xc1800000-0xfebfffff] available for PCI devices
[    0.006760] Booting paravirtualized kernel on KVM
[    0.006762] clocksource: refined-jiffies: mask: 0xffffffff max_cycles: 0xffffffff, max_idle_ns: 7645519600211568 ns
[    0.006768] setup_percpu: NR_CPUS:8192 nr_cpumask_bits:2 nr_cpu_ids:2 nr_node_ids:1
[    0.006905] percpu: Embedded 60 pages/cpu s208896 r8192 d28672 u1048576
[    0.006927] kvm-guest: PV spinlocks enabled
[    0.006929] PV qspinlock hash table entries: 256 (order: 0, 4096 bytes, linear)
[    0.006940] Built 1 zonelists, mobility grouping on.  Total pages: 779920
[    0.006942] Policy zone: DMA32
[    0.006942] Kernel command line: BOOT_IMAGE=/boot/vmlinuz-5.15.0-60-generic root=UUID=3a319da5-3f27-4b91-88e1-848024c83f21 ro console=tty1 console=ttyS0
[    0.006983] Unknown kernel command line parameters "BOOT_IMAGE=/boot/vmlinuz-5.15.0-60-generic", will be passed to user space.
[    0.007125] Dentry cache hash table entries: 524288 (order: 10, 4194304 bytes, linear)
[    0.007193] Inode-cache hash table entries: 262144 (order: 9, 2097152 bytes, linear)
[    0.007216] mem auto-init: stack:off, heap alloc:on, heap free:off
[    0.011693] Memory: 2960836K/3169848K available (16393K kernel code, 4379K rwdata, 10820K rodata, 3240K init, 6560K bss, 208752K reserved, 0K cma-reserved)
[    0.012343] SLUB: HWalign=64, Order=0-3, MinObjects=0, CPUs=2, Nodes=1
[    0.012373] ftrace: allocating 50540 entries in 198 pages
[    0.028734] ftrace: allocated 198 pages with 4 groups
[    0.028855] rcu: Hierarchical RCU implementation.
[    0.028856] rcu: 	RCU restricting CPUs from NR_CPUS=8192 to nr_cpu_ids=2.
[    0.028857] 	Rude variant of Tasks RCU enabled.
[    0.028858] 	Tracing variant of Tasks RCU enabled.
[    0.028859] rcu: RCU calculated value of scheduler-enlistment delay is 25 jiffies.
[    0.028860] rcu: Adjusting geometry for rcu_fanout_leaf=16, nr_cpu_ids=2
[    0.031664] NR_IRQS: 524544, nr_irqs: 440, preallocated irqs: 16
[    0.031920] random: crng init done
[    0.037791] Console: colour VGA+ 80x25
[    0.056823] printk: console [tty1] enabled
[    0.108302] printk: console [ttyS0] enabled
[    0.108780] ACPI: Core revision 20210730
[    0.109274] APIC: Switch to symmetric I/O mode setup
[    0.109943] x2apic enabled
[    0.110428] Switched APIC routing to physical x2apic.
[    0.111699] ..TIMER: vector=0x30 apic1=0 pin1=2 apic2=-1 pin2=-1
[    0.112349] clocksource: tsc-early: mask: 0xffffffffffffffff max_cycles: 0x6d8ca23bb87, max_idle_ns: 881590913603 ns
[    0.113392] Calibrating delay loop (skipped) preset value.. 7599.98 BogoMIPS (lpj=15199968)
[    0.114242] pid_max: default: 32768 minimum: 301
[    0.114731] LSM: Security Framework initializing
[    0.115249] landlock: Up and running.
[    0.115653] Yama: becoming mindful.
[    0.117413] AppArmor: AppArmor initialized
[    0.117889] Mount-cache hash table entries: 8192 (order: 4, 65536 bytes, linear)
[    0.121394] Mountpoint-cache hash table entries: 8192 (order: 4, 65536 bytes, linear)
[    0.122428] Last level iTLB entries: 4KB 512, 2MB 512, 4MB 256
[    0.123039] Last level dTLB entries: 4KB 2048, 2MB 2048, 4MB 1024, 1GB 0
[    0.123751] Spectre V1 : Mitigation: usercopy/swapgs barriers and __user pointer sanitization
[    0.124619] Spectre V2 : Mitigation: Retpolines
[    0.125391] Spectre V2 : Spectre v2 / SpectreRSB mitigation: Filling RSB on context switch
[    0.126234] Spectre V2 : Spectre v2 / SpectreRSB : Filling RSB on VMEXIT
[    0.144179] Freeing SMP alternatives memory: 40K
[    0.252818] smpboot: CPU0: AMD Ryzen 7 5700G with Radeon Graphics (family: 0x19, model: 0x50, stepping: 0x0)
[    0.253388] Performance Events: PMU not available due to virtualization, using software events only.
[    0.253388] rcu: Hierarchical SRCU implementation.
[    0.253388] NMI watchdog: Perf NMI watchdog permanently disabled
[    0.253388] smp: Bringing up secondary CPUs ...
[    0.253445] x86: Booting SMP configuration:
[    0.253945] .... node  #0, CPUs:      #1
[    0.085485] kvm-clock: cpu 1, msr 74e01041, secondary cpu clock
[    0.256522] smp: Brought up 1 node, 2 CPUs
[    0.257391] smpboot: Max logical packages: 1
[    0.257893] smpboot: Total of 2 processors activated (15199.96 BogoMIPS)
[    0.258739] devtmpfs: initialized
[    0.258739] x86/mm: Memory block size: 128MB
[    0.258739] clocksource: jiffies: mask: 0xffffffff max_cycles: 0xffffffff, max_idle_ns: 7645041785100000 ns
[    0.261393] futex hash table entries: 512 (order: 3, 32768 bytes, linear)
[    0.262108] pinctrl core: initialized pinctrl subsystem
[    0.262722] PM: RTC time: 13:57:16, date: 2023-02-23
[    0.263313] NET: Registered PF_NETLINK/PF_ROUTE protocol family
[    0.264001] DMA: preallocated 512 KiB GFP_KERNEL pool for atomic allocations
[    0.264726] DMA: preallocated 512 KiB GFP_KERNEL|GFP_DMA pool for atomic allocations
[    0.265414] DMA: preallocated 512 KiB GFP_KERNEL|GFP_DMA32 pool for atomic allocations
[    0.266230] audit: initializing netlink subsys (disabled)
[    0.266804] audit: type=2000 audit(1677160641.525:1): state=initialized audit_enabled=0 res=1
[    0.266804] thermal_sys: Registered thermal governor 'fair_share'
[    0.266804] thermal_sys: Registered thermal governor 'bang_bang'
[    0.266917] thermal_sys: Registered thermal governor 'step_wise'
[    0.269390] thermal_sys: Registered thermal governor 'user_space'
[    0.269996] thermal_sys: Registered thermal governor 'power_allocator'
[    0.270612] EISA bus registered
[    0.271620] cpuidle: using governor ladder
[    0.272058] cpuidle: using governor menu
[    0.272626] ACPI: bus type PCI registered
[    0.272626] acpiphp: ACPI Hot Plug PCI Controller Driver version: 0.5
[    0.273451] PCI: Using configuration type 1 for base access
[    0.274013] PCI: Using configuration type 1 for extended access
[    0.275293] Kprobes globally optimized
[    0.275724] HugeTLB registered 2.00 MiB page size, pre-allocated 0 pages
[    0.277434] ACPI: Added _OSI(Module Device)
[    0.277887] ACPI: Added _OSI(Processor Device)
[    0.278347] ACPI: Added _OSI(3.0 _SCP Extensions)
[    0.278828] ACPI: Added _OSI(Processor Aggregator Device)
[    0.279384] ACPI: Added _OSI(Linux-Dell-Video)
[    0.279841] ACPI: Added _OSI(Linux-Lenovo-NV-HDMI-Audio)
[    0.281391] ACPI: Added _OSI(Linux-HPI-Hybrid-Graphics)
[    0.283119] ACPI: 2 ACPI AML tables successfully acquired and loaded
[    0.284776] ACPI: Interpreter enabled
[    0.285245] ACPI: PM: (supports S0 S5)
[    0.285394] ACPI: Using IOAPIC for interrupt routing
[    0.286103] PCI: Using host bridge windows from ACPI; if necessary, use "pci=nocrs" and report a bug
[    0.287026] PCI: Using E820 reservations for host bridge windows
[    0.287701] ACPI: Enabled 2 GPEs in block 00 to 07
[    0.290674] ACPI: PCI Root Bridge [PCI0] (domain 0000 [bus 00-ff])
[    0.291289] acpi PNP0A03:00: _OSC: OS supports [ExtendedConfig ASPM ClockPM Segments MSI EDR HPX-Type3]
[    0.292769] acpi PNP0A03:00: _OSC: platform does not support [PCIeCapability LTR DPC]
[    0.293388] acpi PNP0A03:00: _OSC: not requesting control; platform does not support [PCIeCapability]
[    0.293390] acpi PNP0A03:00: _OSC: OS requested [PCIeHotplug SHPCHotplug PME AER PCIeCapability LTR DPC]
[    0.294350] acpi PNP0A03:00: _OSC: platform willing to grant [PCIeHotplug SHPCHotplug PME AER]
[    0.295232] acpi PNP0A03:00: _OSC: platform retains control of PCIe features (AE_SUPPORT)
[    0.296283] PCI host bridge to bus 0000:00
[    0.297391] pci_bus 0000:00: root bus resource [bus 00-ff]
[    0.297966] pci_bus 0000:00: root bus resource [io  0x0000-0x0cf7 window]
[    0.298648] pci_bus 0000:00: root bus resource [io  0x0d00-0xffff window]
[    0.299341] pci_bus 0000:00: root bus resource [mem 0x000a0000-0x000bffff window]
[    0.300129] pci_bus 0000:00: root bus resource [mem 0xc1800000-0xfdffffff window]
[    0.301200] pci 0000:00:00.0: [8086:1237] type 00 class 0x060000
[    0.301968] pci 0000:00:01.0: [8086:7000] type 00 class 0x060100
[    0.303016] pci 0000:00:01.1: [8086:7111] type 00 class 0x01018a
[    0.303825] pci 0000:00:01.1: reg 0x20: [io  0xd000-0xd00f]
[    0.304496] pci 0000:00:01.1: legacy IDE quirk: reg 0x10: [io  0x01f0-0x01f7]
[    0.305203] pci 0000:00:01.1: legacy IDE quirk: reg 0x14: [io  0x03f6]
[    0.305389] pci 0000:00:01.1: legacy IDE quirk: reg 0x18: [io  0x0170-0x0177]
[    0.306102] pci 0000:00:01.1: legacy IDE quirk: reg 0x1c: [io  0x0376]
[    0.307204] pci 0000:00:02.0: [80ee:beef] type 00 class 0x030000
[    0.309490] pci 0000:00:02.0: reg 0x10: [mem 0xe0000000-0xe0ffffff pref]
[    0.313006] pci 0000:00:02.0: Video device with shadowed ROM at [mem 0x000c0000-0x000dffff]
[    0.313826] pci 0000:00:03.0: [8086:100e] type 00 class 0x020000
[    0.314891] pci 0000:00:03.0: reg 0x10: [mem 0xf0000000-0xf001ffff]
[    0.316200] pci 0000:00:03.0: reg 0x18: [io  0xd010-0xd017]
[    0.319036] pci 0000:00:04.0: [80ee:cafe] type 00 class 0x088000
[    0.320118] pci 0000:00:04.0: reg 0x10: [io  0xd020-0xd03f]
[    0.321745] pci 0000:00:04.0: reg 0x14: [mem 0xf0400000-0xf07fffff]
[    0.322707] pci 0000:00:04.0: reg 0x18: [mem 0xf0800000-0xf0803fff pref]
[    0.324811] pci 0000:00:05.0: [8086:2415] type 00 class 0x040100
[    0.325461] pci 0000:00:05.0: reg 0x10: [io  0xd100-0xd1ff]
[    0.326074] pci 0000:00:05.0: reg 0x14: [io  0xd200-0xd23f]
[    0.327423] pci 0000:00:07.0: [8086:7113] type 00 class 0x068000
[    0.328350] pci 0000:00:07.0: quirk: [io  0x4000-0x403f] claimed by PIIX4 ACPI
[    0.329395] pci 0000:00:07.0: quirk: [io  0x4100-0x410f] claimed by PIIX4 SMB
[    0.330576] pci 0000:00:08.0: [8086:100e] type 00 class 0x020000
[    0.331647] pci 0000:00:08.0: reg 0x10: [mem 0xf0820000-0xf083ffff]
[    0.333424] pci 0000:00:08.0: reg 0x18: [io  0xd240-0xd247]
[    0.337391] pci 0000:00:14.0: [1000:0030] type 00 class 0x010000
[    0.338450] pci 0000:00:14.0: reg 0x10: [io  0xd300-0xd3ff]
[    0.339375] pci 0000:00:14.0: reg 0x14: [mem 0xf0840000-0xf085ffff]
[    0.340343] pci 0000:00:14.0: reg 0x18: [mem 0xf0860000-0xf087ffff]
[    0.345939] ACPI: PCI: Interrupt link LNKA configured for IRQ 11
[    0.346743] ACPI: PCI: Interrupt link LNKB configured for IRQ 10
[    0.347435] ACPI: PCI: Interrupt link LNKC configured for IRQ 9
[    0.348108] ACPI: PCI: Interrupt link LNKD configured for IRQ 11
[    0.348854] iommu: Default domain type: Translated 
[    0.348854] iommu: DMA domain TLB invalidation policy: lazy mode 
[    0.349496] SCSI subsystem initialized
[    0.349934] pci 0000:00:02.0: vgaarb: setting as boot VGA device
[    0.350022] pci 0000:00:02.0: vgaarb: VGA device added: decodes=io+mem,owns=io+mem,locks=none
[    0.350902] pci 0000:00:02.0: vgaarb: bridge control possible
[    0.351501] vgaarb: loaded
[    0.351838] ACPI: bus type USB registered
[    0.353398] usbcore: registered new interface driver usbfs
[    0.353971] usbcore: registered new interface driver hub
[    0.354527] usbcore: registered new device driver usb
[    0.355069] pps_core: LinuxPPS API ver. 1 registered
[    0.355584] pps_core: Software ver. 5.3.6 - Copyright 2005-2007 Rodolfo Giometti <giometti@linux.it>
[    0.356524] PTP clock support registered
[    0.356978] EDAC MC: Ver: 3.0.0
[    0.357479] NetLabel: Initializing
[    0.357876] NetLabel:  domain hash size = 128
[    0.358352] NetLabel:  protocols = UNLABELED CIPSOv4 CALIPSO
[    0.358946] NetLabel:  unlabeled traffic allowed by default
[    0.359529] PCI: Using ACPI for IRQ routing
[    0.359529] clocksource: Switched to clocksource kvm-clock
[    0.365651] VFS: Disk quotas dquot_6.6.0
[    0.365651] VFS: Dquot-cache hash table entries: 512 (order 0, 4096 bytes)
[    0.365651] AppArmor: AppArmor Filesystem Enabled
[    0.365651] pnp: PnP ACPI init
[    0.365651] pnp: PnP ACPI: found 3 devices
[    0.375473] clocksource: acpi_pm: mask: 0xffffff max_cycles: 0xffffff, max_idle_ns: 2085701024 ns
[    0.376378] NET: Registered PF_INET protocol family
[    0.376923] IP idents hash table entries: 65536 (order: 7, 524288 bytes, linear)
[    0.377776] tcp_listen_portaddr_hash hash table entries: 2048 (order: 3, 32768 bytes, linear)
[    0.377776] Table-perturb hash table entries: 65536 (order: 6, 262144 bytes, linear)
[    0.377776] TCP established hash table entries: 32768 (order: 6, 262144 bytes, linear)
[    0.377776] TCP bind hash table entries: 32768 (order: 7, 524288 bytes, linear)
[    0.377776] TCP: Hash tables configured (established 32768 bind 32768)
[    0.377776] MPTCP token hash table entries: 4096 (order: 4, 98304 bytes, linear)
[    0.377776] UDP hash table entries: 2048 (order: 4, 65536 bytes, linear)
[    0.377776] UDP-Lite hash table entries: 2048 (order: 4, 65536 bytes, linear)
[    0.377776] NET: Registered PF_UNIX/PF_LOCAL protocol family
[    0.377776] NET: Registered PF_XDP protocol family
[    0.377776] pci_bus 0000:00: resource 4 [io  0x0000-0x0cf7 window]
[    0.377776] pci_bus 0000:00: resource 5 [io  0x0d00-0xffff window]
[    0.377776] pci_bus 0000:00: resource 6 [mem 0x000a0000-0x000bffff window]
[    0.377776] pci_bus 0000:00: resource 7 [mem 0xc1800000-0xfdffffff window]
[    0.377776] pci 0000:00:00.0: Limiting direct PCI/PCI transfers
[    0.377776] pci 0000:00:01.0: Activating ISA DMA hang workarounds
[    0.377776] PCI: CLS 0 bytes, default 64
[    0.377776] Trying to unpack rootfs image as initramfs...
[    0.497131] clocksource: tsc: mask: 0xffffffffffffffff max_cycles: 0x6d8ca23bb87, max_idle_ns: 881590913603 ns
[    0.498579] clocksource: Switched to clocksource tsc
[    0.499172] platform rtc_cmos: registered platform RTC device (no PNP device found)
[    0.500297] Initialise system trusted keyrings
[    0.500819] Key type blacklist registered
[    0.501318] workingset: timestamp_bits=36 max_order=20 bucket_order=0
[    0.502542] zbud: loaded
[    0.502989] squashfs: version 4.0 (2009/01/31) Phillip Lougher
[    0.503690] fuse: init (API version 7.34)
[    0.504266] integrity: Platform Keyring initialized
[    0.506029] Key type asymmetric registered
[    0.512030] Asymmetric key parser 'x509' registered
[    0.512567] Block layer SCSI generic (bsg) driver version 0.4 loaded (major 243)
[    0.513438] io scheduler mq-deadline registered
[    0.514107] shpchp: Standard Hot Plug PCI Controller Driver version: 0.4
[    0.514937] ACPI: AC: AC Adapter [AC] (on-line)
[    0.515463] input: Power Button as /devices/LNXSYSTM:00/LNXPWRBN:00/input/input0
[    0.516270] ACPI: button: Power Button [PWRF]
[    0.516805] input: Sleep Button as /devices/LNXSYSTM:00/LNXSLPBN:00/input/input1
[    0.517677] ACPI: button: Sleep Button [SLPF]
[    0.518304] Serial: 8250/16550 driver, 32 ports, IRQ sharing enabled
[    0.521660] 00:02: ttyS0 at I/O 0x3f8 (irq = 4, base_baud = 115200) is a 16550A
[    0.521660] Linux agpgart interface v0.103
[    0.542309] loop: module loaded
[    0.543032] scsi host0: ata_piix
[    0.543466] scsi host1: ata_piix
[    0.543866] ata1: PATA max UDMA/33 cmd 0x1f0 ctl 0x3f6 bmdma 0xd000 irq 14
[    0.544599] ata2: PATA max UDMA/33 cmd 0x170 ctl 0x376 bmdma 0xd008 irq 15
[    0.545443] tun: Universal TUN/TAP device driver, 1.6
[    0.546059] PPP generic driver version 2.4.2
[    0.546589] VFIO - User Level meta-driver version: 0.3
[    0.547206] ehci_hcd: USB 2.0 'Enhanced' Host Controller (EHCI) Driver
[    0.547948] ehci-pci: EHCI PCI platform driver
[    0.548473] ehci-platform: EHCI generic platform driver
[    0.549074] ohci_hcd: USB 1.1 'Open' Host Controller (OHCI) Driver
[    0.549779] ohci-pci: OHCI PCI platform driver
[    0.550302] ohci-platform: OHCI generic platform driver
[    0.551123] uhci_hcd: USB Universal Host Controller Interface driver
[    0.551865] i8042: PNP: PS/2 Controller [PNP0303:PS2K,PNP0f03:PS2M] at 0x60,0x64 irq 1,12
[    0.553140] serio: i8042 KBD port at 0x60,0x64 irq 1
[    0.553729] serio: i8042 AUX port at 0x60,0x64 irq 12
[    0.554328] mousedev: PS/2 mouse device common for all mice
[    0.555094] input: AT Translated Set 2 keyboard as /devices/platform/i8042/serio0/input/input2
[    0.556737] rtc_cmos rtc_cmos: registered as rtc0
[    0.557262] rtc_cmos rtc_cmos: setting system clock to 2023-02-23T13:57:17 UTC (1677160637)
[    0.558145] rtc_cmos rtc_cmos: alarms up to one day, 114 bytes nvram
[    0.558837] i2c_dev: i2c /dev entries driver
[    0.559299] device-mapper: core: CONFIG_IMA_DISABLE_HTABLE is disabled. Duplicate IMA measurements will not be recorded in the IMA log.
[    0.560532] device-mapper: uevent: version 1.0.3
[    0.561055] device-mapper: ioctl: 4.45.0-ioctl (2021-03-22) initialised: dm-devel@redhat.com
[    0.561962] platform eisa.0: Probing EISA bus 0
[    0.562441] platform eisa.0: EISA: Cannot allocate resource for mainboard
[    0.563130] platform eisa.0: Cannot allocate resource for EISA slot 1
[    0.563800] platform eisa.0: Cannot allocate resource for EISA slot 2
[    0.564462] platform eisa.0: Cannot allocate resource for EISA slot 3
[    0.565126] platform eisa.0: Cannot allocate resource for EISA slot 4
[    0.565844] platform eisa.0: Cannot allocate resource for EISA slot 5
[    0.566517] platform eisa.0: Cannot allocate resource for EISA slot 6
[    0.567188] platform eisa.0: Cannot allocate resource for EISA slot 7
[    0.567868] platform eisa.0: Cannot allocate resource for EISA slot 8
[    0.568527] platform eisa.0: EISA: Detected 0 cards
[    0.569084] ledtrig-cpu: registered to indicate activity on CPUs
[    0.569780] drop_monitor: Initializing network drop monitor service
[    0.570516] NET: Registered PF_INET6 protocol family
[    0.745371] Freeing initrd memory: 104944K
[    0.749528] Segment Routing with IPv6
[    0.750000] In-situ OAM (IOAM) with IPv6
[    0.750762] NET: Registered PF_PACKET protocol family
[    0.751390] Key type dns_resolver registered
[    0.752036] IPI shorthand broadcast: enabled
[    0.752539] sched_clock: Marking stable (670521277, 81485293)->(755171389, -3164819)
[    0.753513] registered taskstats version 1
[    0.754019] Loading compiled-in X.509 certificates
[    0.754959] Loaded X.509 cert 'Build time autogenerated kernel key: 2453f7d92edfc2f639f43e9f3b2f2940ca2143ea'
[    0.756309] Loaded X.509 cert 'Canonical Ltd. Live Patch Signing: 14df34d1a87cf37625abec039ef2bf521249b969'
[    0.757639] Loaded X.509 cert 'Canonical Ltd. Kernel Module Signing: 88f752e560a1e0737e31163a466ad7b70a850c19'
[    0.758738] blacklist: Loading compiled-in revocation X.509 certificates
[    0.759450] Loaded X.509 cert 'Canonical Ltd. Secure Boot Signing: 61482aa2830d0ab2ad5af10b7250da9033ddcef0'
[    0.760482] Loaded X.509 cert 'Canonical Ltd. Secure Boot Signing (2017): 242ade75ac4a15e50d50c84b0d45ff3eae707a03'
[    0.761634] Loaded X.509 cert 'Canonical Ltd. Secure Boot Signing (ESM 2018): 365188c1d374d6b07c3c8f240f8ef722433d6a8b'
[    0.762764] Loaded X.509 cert 'Canonical Ltd. Secure Boot Signing (2019): c0746fd6c5da3ae827864651ad66ae47fe24b3e8'
[    0.763871] Loaded X.509 cert 'Canonical Ltd. Secure Boot Signing (2021 v1): a8d54bbb3825cfb94fa13c9f8a594a195c107b8d'
[    0.765067] Loaded X.509 cert 'Canonical Ltd. Secure Boot Signing (2021 v2): 4cf046892d6fd3c9a5b03f98d845f90851dc6a8c'
[    0.766258] Loaded X.509 cert 'Canonical Ltd. Secure Boot Signing (2021 v3): 100437bb6de6e469b581e61cd66bce3ef4ed53af'
[    0.767433] Loaded X.509 cert 'Canonical Ltd. Secure Boot Signing (Ubuntu Core 2019): c1d57b8f6b743f23ee41f4f7ee292f06eecadfb9'
[    0.768752] zswap: loaded using pool lzo/zbud
[    0.769521] Key type .fscrypt registered
[    0.769998] Key type fscrypt-provisioning registered
[    0.772317] Key type encrypted registered
[    0.772833] AppArmor: AppArmor sha1 policy hashing enabled
[    0.773503] ima: No TPM chip found, activating TPM-bypass!
[    0.774128] Loading compiled-in module X.509 certificates
[    0.774964] Loaded X.509 cert 'Build time autogenerated kernel key: 2453f7d92edfc2f639f43e9f3b2f2940ca2143ea'
[    0.776031] ima: Allocated hash algorithm: sha1
[    0.776531] ima: No architecture policies found
[    0.777030] evm: Initialising EVM extended attributes:
[    0.777604] evm: security.selinux
[    0.778005] evm: security.SMACK64
[    0.778382] evm: security.SMACK64EXEC
[    0.778790] evm: security.SMACK64TRANSMUTE
[    0.779235] evm: security.SMACK64MMAP
[    0.779652] evm: security.apparmor
[    0.780034] evm: security.ima
[    0.780375] evm: security.capability
[    0.780763] evm: HMAC attrs: 0x1
[    0.781331] PM:   Magic number: 11:524:989
[    0.781991] RAS: Correctable Errors collector initialized.
[    0.783372] Freeing unused decrypted memory: 2036K
[    0.784184] Freeing unused kernel image (initmem) memory: 3240K
[    0.793643] Write protecting the kernel read-only data: 30720k
[    0.794543] Freeing unused kernel image (text/rodata gap) memory: 2036K
[    0.795410] Freeing unused kernel image (rodata/data gap) memory: 1468K
[    0.818557] x86/mm: Checked W+X mappings: passed, no W+X pages found.
[    0.819244] Run /init as init process
Loading, please wait...
Starting version 249.11-0ubuntu3.6
[    0.872054] ACPI: video: Video Device [GFX0] (multi-head: yes  rom: no  post: no)
[    0.873031] input: Video Bus as /devices/LNXSYSTM:00/LNXSYBUS:00/PNP0A03:00/LNXVIDEO:00/input/input4
[    0.875189] e1000: Intel(R) PRO/1000 Network Driver
[    0.875739] e1000: Copyright (c) 1999-2006 Intel Corporation.
[    0.878526] piix4_smbus 0000:00:07.0: SMBus Host Controller at 0x4100, revision 0
[    0.887059] Fusion MPT base driver 3.04.20
[    0.887496] Copyright (c) 1999-2008 LSI Corporation
[    0.892623] cryptd: max_cpu_qlen set to 1000
[    0.900306] AVX2 version of gcm_enc/dec engaged.
[    0.900962] AES CTR mode by8 optimization enabled
[    0.903200] vboxvideo 0000:00:02.0: vgaarb: deactivate vga console
[    0.904509] Console: switching to colour dummy device 80x25
[    0.905490] [drm] VRAM 01000000
[    0.906840] Fusion MPT SPI Host driver 3.04.20
[    0.907659] [drm] Initialized vboxvideo 1.0.0 20130823 for 0000:00:02.0 on minor 0
[    0.909668] fbcon: vboxvideodrmfb (fb0) is primary device
[    0.911358] vboxvideo 0000:00:02.0: [drm] drm_plane_enable_fb_damage_clips() not called
[    0.911364] Console: switching to colour frame buffer device 128x48
[    0.914963] mptbase: ioc0: Initiating bringup
[    0.915392] vboxvideo 0000:00:02.0: [drm] fb0: vboxvideodrmfb frame buffer device
[    1.021572] ioc0: LSI53C1030 A0: Capabilities={Initiator}
[    1.090329] input: ImExPS/2 Generic Explorer Mouse as /devices/platform/i8042/serio1/input/input5
[    1.232069] e1000 0000:00:03.0 eth0: (PCI:33MHz:32-bit) 02:1d:71:e8:cf:d1
[    1.232746] e1000 0000:00:03.0 eth0: Intel(R) PRO/1000 Network Connection
[    1.306849] scsi host2: ioc0: LSI53C1030 A0, FwRev=00000000h, Ports=1, MaxQ=256, IRQ=20
[    1.493690] scsi 2:0:0:0: Direct-Access     VBOX     HARDDISK         1.0  PQ: 0 ANSI: 5
[    1.557604] scsi target2:0:0: Beginning Domain Validation
[    1.558914] scsi target2:0:0: Domain Validation skipping write tests
[    1.559406] scsi target2:0:0: Ending Domain Validation
[    1.559845] scsi target2:0:0: asynchronous
[    1.560508] scsi 2:0:1:0: Direct-Access     VBOX     HARDDISK         1.0  PQ: 0 ANSI: 5
[    1.573399] scsi target2:0:1: Beginning Domain Validation
[    1.574545] scsi target2:0:1: Domain Validation skipping write tests
[    1.575097] scsi target2:0:1: Ending Domain Validation
[    1.575601] scsi target2:0:1: asynchronous
[    1.577526] sd 2:0:0:0: [sda] 83886080 512-byte logical blocks: (42.9 GB/40.0 GiB)
[    1.578207] sd 2:0:0:0: [sda] Write Protect is off
[    1.578733] sd 2:0:0:0: [sda] Incomplete mode parameter data
[    1.579208] sd 2:0:0:0: [sda] Assuming drive cache: write through
[    1.580715] sd 2:0:0:0: Attached scsi generic sg0 type 0
[    1.582132] sd 2:0:1:0: [sdb] 20480 512-byte logical blocks: (10.5 MB/10.0 MiB)
[    1.583176] sd 2:0:1:0: [sdb] Write Protect is off
[    1.583962]  sda: sda1
[    1.584620] sd 2:0:1:0: [sdb] Incomplete mode parameter data
[    1.585393] sd 2:0:1:0: [sdb] Assuming drive cache: write through
[    1.586558] sd 2:0:1:0: Attached scsi generic sg1 type 0
[    1.587869] sd 2:0:0:0: [sda] Attached SCSI disk
[    1.588357] e1000 0000:00:08.0 eth1: (PCI:33MHz:32-bit) 08:00:27:d1:7e:1d
[    1.589433] e1000 0000:00:08.0 eth1: Intel(R) PRO/1000 Network Connection
[    1.591487] sd 2:0:1:0: [sdb] Attached SCSI disk
[    1.592925] e1000 0000:00:08.0 enp0s8: renamed from eth1
[    1.613906] e1000 0000:00:03.0 enp0s3: renamed from eth0
Begin: Loading essential drivers ... [    2.101275] raid6: avx2x4   gen() 45389 MB/s
[    2.198718] raid6: avx2x4   xor()  8035 MB/s
[    2.278709] raid6: avx2x2   gen() 49458 MB/s
[    2.358731] raid6: avx2x2   xor() 41980 MB/s
[    2.439248] raid6: avx2x1   gen() 37293 MB/s
[    2.553369] raid6: avx2x1   xor() 33527 MB/s
[    2.633363] raid6: sse2x4   gen() 27970 MB/s
[    2.713388] raid6: sse2x4   xor()  3546 MB/s
[    2.809400] raid6: sse2x2   gen() 33177 MB/s
[    2.889434] raid6: sse2x2   xor() 22138 MB/s
[    2.970433] raid6: sse2x1   gen()  1658 MB/s
[    3.084541] raid6: sse2x1   xor() 18710 MB/s
[    3.085198] raid6: using algorithm avx2x2 gen() 49458 MB/s
[    3.085920] raid6: .... xor() 41980 MB/s, rmw enabled
[    3.086570] raid6: using avx2x2 recovery algorithm
[    3.088072] xor: automatically using best checksumming function   avx       
[    3.089467] async_tx: api initialized (async)
done.
Begin: Running /scripts/init-premount ... done.
Begin: Mounting root file system ... Begin: Running /scripts/local-top ... done.
Begin: Running /scripts/local-premount ... [    3.124685] Btrfs loaded, crc32c=crc32c-intel, zoned=yes, fsverity=yes
Scanning for Btrfs filesystems
done.
Begin: Will now check root file system ... fsck from util-linux 2.37.2
[/usr/sbin/fsck.ext4 (1) -- /dev/sda1] fsck.ext4 -a -C0 /dev/sda1 
cloudimg-rootfs: recovering journal
cloudimg-rootfs: Clearing orphaned inode 5236 (uid=1000, gid=1000, mode=0100666, size=0)
cloudimg-rootfs: Clearing orphaned inode 2648 (uid=107, gid=124, mode=0100600, size=0)
cloudimg-rootfs: Clearing orphaned inode 556 (uid=107, gid=124, mode=0100600, size=0)
cloudimg-rootfs: Clearing orphaned inode 502 (uid=107, gid=124, mode=0100600, size=0)
cloudimg-rootfs: Clearing orphaned inode 86 (uid=107, gid=124, mode=0100600, size=0)
cloudimg-rootfs: Clearing orphaned inode 522962 (uid=0, gid=0, mode=0100666, size=0)
cloudimg-rootfs: clean, 97230/5120000 files, 1430630/10485499 blocks
done.
[    3.265154] EXT4-fs (sda1): mounted filesystem with ordered data mode. Opts: (null). Quota mode: none.
done.
Begin: Running /scripts/local-bottom ... done.
Begin: Running /scripts/init-bottom ... done.
[    3.489664] systemd[1]: Inserted module 'autofs4'
[    3.504469] systemd[1]: systemd 249.11-0ubuntu3.6 running in system mode (+PAM +AUDIT +SELINUX +APPARMOR +IMA +SMACK +SECCOMP +GCRYPT +GNUTLS +OPENSSL +ACL +BLKID +CURL +ELFUTILS +FIDO2 +IDN2 -IDN +IPTC +KMOD +LIBCRYPTSETUP +LIBFDISK +PCRE2 -PWQUALITY -P11KIT -QRENCODE +BZIP2 +LZ4 +XZ +ZLIB +ZSTD -XKBCOMMON +UTMP +SYSVINIT default-hierarchy=unified)
[    3.508148] systemd[1]: Detected virtualization oracle.
[    3.509157] systemd[1]: Detected architecture x86-64.

Welcome to [1mUbuntu 22.04.2 LTS[0m!

[    3.511764] systemd[1]: Hostname set to <ubuntu-bionic>.
[    3.741130] systemd[1]: Queued start job for default target Graphical Interface.
[    3.952836] systemd[1]: Created slice Slice /system/modprobe.
[[0;32m  OK  [0m] Created slice [0;1;39mSlice /system/modprobe[0m.
[    3.954633] systemd[1]: Created slice Slice /system/serial-getty.
[[0;32m  OK  [0m] Created slice [0;1;39mSlice /system/serial-getty[0m.
[    3.956093] systemd[1]: Created slice User and Session Slice.
[[0;32m  OK  [0m] Created slice [0;1;39mUser and Session Slice[0m.
[    3.957270] systemd[1]: Started Forward Password Requests to Wall Directory Watch.
[[0;32m  OK  [0m] Started [0;1;39mForward Password R…uests to Wall Directory Watch[0m.
[    3.958794] systemd[1]: Set up automount Arbitrary Executable File Formats File System Automount Point.
[[0;32m  OK  [0m] Set up automount [0;1;39mArbitrary…s File System Automount Point[0m.
[    3.960476] systemd[1]: Reached target Slice Units.
[[0;32m  OK  [0m] Reached target [0;1;39mSlice Units[0m.
[    3.962159] systemd[1]: Reached target Mounting snaps.
[[0;32m  OK  [0m] Reached target [0;1;39mMounting snaps[0m.
[    3.963524] systemd[1]: Reached target Swaps.
[[0;32m  OK  [0m] Reached target [0;1;39mSwaps[0m.
[    3.964683] systemd[1]: Reached target System Time Set.
[[0;32m  OK  [0m] Reached target [0;1;39mSystem Time Set[0m.
[    3.966023] systemd[1]: Reached target Local Verity Protected Volumes.
[[0;32m  OK  [0m] Reached target [0;1;39mLocal Verity Protected Volumes[0m.
[    3.967282] systemd[1]: Listening on Device-mapper event daemon FIFOs.
[[0;32m  OK  [0m] Listening on [0;1;39mDevice-mapper event daemon FIFOs[0m.
[    3.968739] systemd[1]: Listening on LVM2 poll daemon socket.
[[0;32m  OK  [0m] Listening on [0;1;39mLVM2 poll daemon socket[0m.
[    3.970302] systemd[1]: Listening on multipathd control socket.
[[0;32m  OK  [0m] Listening on [0;1;39mmultipathd control socket[0m.
[    3.971895] systemd[1]: Listening on Syslog Socket.
[[0;32m  OK  [0m] Listening on [0;1;39mSyslog Socket[0m.
[    3.973456] systemd[1]: Listening on fsck to fsckd communication Socket.
[[0;32m  OK  [0m] Listening on [0;1;39mfsck to fsckd communication Socket[0m.
[    3.985712] systemd[1]: Listening on initctl Compatibility Named Pipe.
[[0;32m  OK  [0m] Listening on [0;1;39minitctl Compatibility Named Pipe[0m.
[    3.987600] systemd[1]: Listening on Journal Audit Socket.
[[0;32m  OK  [0m] Listening on [0;1;39mJournal Audit Socket[0m.
[    3.988956] systemd[1]: Listening on Journal Socket (/dev/log).
[[0;32m  OK  [0m] Listening on [0;1;39mJournal Socket (/dev/log)[0m.
[    3.990263] systemd[1]: Listening on Journal Socket.
[[0;32m  OK  [0m] Listening on [0;1;39mJournal Socket[0m.
[    4.002057] systemd[1]: Listening on Network Service Netlink Socket.
[[0;32m  OK  [0m] Listening on [0;1;39mNetwork Service Netlink Socket[0m.
[    4.003806] systemd[1]: Listening on udev Control Socket.
[[0;32m  OK  [0m] Listening on [0;1;39mudev Control Socket[0m.
[    4.005148] systemd[1]: Listening on udev Kernel Socket.
[[0;32m  OK  [0m] Listening on [0;1;39mudev Kernel Socket[0m.
[    4.131596] systemd[1]: Mounting Huge Pages File System...
         Mounting [0;1;39mHuge Pages File System[0m...
[    4.133832] systemd[1]: Mounting POSIX Message Queue File System...
         Mounting [0;1;39mPOSIX Message Queue File System[0m...
[    4.135799] systemd[1]: Mounting Kernel Debug File System...
         Mounting [0;1;39mKernel Debug File System[0m...
[    4.137666] systemd[1]: Mounting Kernel Trace File System...
         Mounting [0;1;39mKernel Trace File System[0m...
[    4.140127] systemd[1]: Starting Journal Service...
         Starting [0;1;39mJournal Service[0m...
[    4.142433] systemd[1]: Starting Set the console keyboard layout...
         Starting [0;1;39mSet the console keyboard layout[0m...
[    4.145232] systemd[1]: Starting Create List of Static Device Nodes...
         Starting [0;1;39mCreate List of Static Device Nodes[0m...
[    4.147777] systemd[1]: Starting Monitoring of LVM2 mirrors, snapshots etc. using dmeventd or progress polling...
         Starting [0;1;39mMonitoring of LVM…meventd or progress polling[0m...
[    4.155072] systemd[1]: Condition check resulted in LXD - agent being skipped.
[    4.157271] systemd[1]: Starting Load Kernel Module chromeos_pstore...
         Starting [0;1;39mLoad Kernel Module chromeos_pstore[0m...
[    4.160518] systemd[1]: Starting Load Kernel Module configfs...
         Starting [0;1;39mLoad Kernel Module configfs[0m...
[    4.174159] systemd[1]: Starting Load Kernel Module drm...
         Starting [0;1;39mLoad Kernel Module drm[0m...
[    4.175757] systemd[1]: Starting Load Kernel Module efi_pstore...
         Starting [0;1;39mLoad Kernel Module efi_pstore[0m...
[    4.177405] systemd[1]: Starting Load Kernel Module fuse...
         Starting [0;1;39mLoad Kernel Module fuse[0m...
[    4.179255] systemd[1]: Starting Load Kernel Module pstore_blk...
         Starting [0;1;39mLoad Kernel Module pstore_blk[0m...
[    4.181728] systemd[1]: Starting Load Kernel Module pstore_zone...
         Starting [0;1;39mLoad Kernel Module pstore_zone[0m...
[    4.183697] systemd[1]: Starting Load Kernel Module ramoops...
         Starting [0;1;39mLoad Kernel Module ramoops[0m...
[    4.185616] systemd[1]: Condition check resulted in OpenVSwitch configuration for cleanup being skipped.
[    4.187057] systemd[1]: Condition check resulted in File System Check on Root Device being skipped.
[    4.189437] systemd[1]: Starting Load Kernel Modules...
         Starting [0;1;39mLoad Kernel Modules[0m...
[    4.191311] systemd[1]: Starting Remount Root and Kernel File Systems...
         Starting [0;1;39mRemount Root and Kernel File Systems[0m...
[    4.194099] systemd[1]: Starting Coldplug All udev Devices...
         Starting [0;1;39mColdplug All udev Devices[0m...
[    4.196599] systemd[1]: Started Journal Service.
[[0;32m  OK  [0m] Started [0;1;39mJournal Service[0m.
[[0;32m  OK  [0m] Mounted [0;1;39mHuge Pages File System[0m.
[[0;32m  OK  [0m] Mounted [0;1;39mPOSIX Message Queue File System[0m.
[[0;32m  OK  [0m] Mounted [0;1;39mKernel Debug File System[0m.
[[0;32m  OK  [0m] Mounted [0;1;39mKernel Trace File System[0m.
[[0;32m  OK  [0m] Finished [0;1;39mCreate List of Static Device Nodes[0m.
[    4.200899] EXT4-fs (sda1): re-mounted. Opts: (null). Quota mode: none.
[[0;32m  OK  [0m] Finished [0;1;39mMonitoring of LVM… dmeventd or progress polling[0m.
[[0;32m  OK  [0m] Finished [0;1;39mLoad Kernel Module configfs[0m.
[[0;32m  OK  [0m] Finished [0;1;39mLoad Kernel Module drm[0m.
[[0;32m  OK  [0m] Finished [0;1;39mRemount Root and Kernel File Systems[0m.
         Mounting [0;1;39mKernel Configuration File System[0m...
         Starting [0;1;39mDevice-Mapper Multipath Device Controller[0m...
         Starting [0;1;39mFlush Journal to Persistent Storage[0m...
         Starting [0;1;39mLoad/Save Random Seed[0m...
         Starting [0;1;39mCreate System Users[0m...
[[0;32m  OK  [0m] Finished [0;1;39mLoad Kernel Module chromeos_pstore[0m.
[[0;32m  OK  [0m] Finished [0;1;39mLoad Kernel Module ramoops[0m.
[[0;32m  OK  [0m] Mounted [0;1;39mKernel Configuration File System[0m.
[[0;32m  OK  [0m] Finished [0;1;39mLoad Kernel Module pstore_blk[0m.
[[0;32m  OK  [0m] Finished [0;1;39mLoad/Save Random Seed[0m.
[    4.215629] systemd-journald[367]: Received client request to flush runtime journal.
[    4.227488] systemd-journald[367]: File /var/log/journal/c3d9fb55b8c849a88d12c1928655a0ee/system.journal corrupted or uncleanly shut down, renaming and replacing.
[    4.229789] alua: device handler registered
[    4.231396] emc: device handler registered
[    4.234088] rdac: device handler registered
[[0;32m  OK  [0m] Finished [0;1;39mLoad Kernel Module efi_pstore[0m.
[[0;32m  OK  [0m] Finished [0;1;39mSet the console keyboard layout[0m.
[[0;32m  OK  [0m] Finished [0;1;39mLoad Kernel Module pstore_zone[0m.
[[0;32m  OK  [0m] Finished [0;1;39mLoad Kernel Modules[0m.
[[0;32m  OK  [0m] Finished [0;1;39mLoad Kernel Module fuse[0m.
[[0;32m  OK  [0m] Finished [0;1;39mFlush Journal to Persistent Storage[0m.
         Mounting [0;1;39mFUSE Control File System[0m...
         Starting [0;1;39mApply Kernel Variables[0m...
[[0;32m  OK  [0m] Mounted [0;1;39mFUSE Control File System[0m.
[[0;32m  OK  [0m] Finished [0;1;39mCreate System Users[0m.
         Starting [0;1;39mCreate Static Device Nodes in /dev[0m...
[[0;32m  OK  [0m] Finished [0;1;39mColdplug All udev Devices[0m.
[[0;32m  OK  [0m] Finished [0;1;39mApply Kernel Variables[0m.
[[0;32m  OK  [0m] Finished [0;1;39mCreate Static Device Nodes in /dev[0m.
         Starting [0;1;39mRule-based Manage…for Device Events and Files[0m...
[[0;32m  OK  [0m] Started [0;1;39mDevice-Mapper Multipath Device Controller[0m.
[[0;32m  OK  [0m] Reached target [0;1;39mPreparation for Local File Systems[0m.
         Mounting [0;1;39mMount unit for core20, revision 1822[0m...
         Mounting [0;1;39mMount unit for lxd, revision 24061[0m...
         Mounting [0;1;39mMount unit for node, revision 7065[0m...
         Mounting [0;1;39mMount unit for node, revision 7222[0m...
         Mounting [0;1;39mMount unit for snapd, revision 18357[0m...
[[0;32m  OK  [0m] Mounted [0;1;39mMount unit for core20, revision 1822[0m.
[[0;32m  OK  [0m] Mounted [0;1;39mMount unit for lxd, revision 24061[0m.
[[0;32m  OK  [0m] Mounted [0;1;39mMount unit for node, revision 7065[0m.
[[0;32m  OK  [0m] Mounted [0;1;39mMount unit for node, revision 7222[0m.
[[0;32m  OK  [0m] Mounted [0;1;39mMount unit for snapd, revision 18357[0m.
[[0;32m  OK  [0m] Reached target [0;1;39mMounted snaps[0m.
[[0;32m  OK  [0m] Reached target [0;1;39mLocal File Systems[0m.
         Starting [0;1;39mLoad AppArmor profiles[0m...
         Starting [0;1;39mSet console font and keymap[0m...
         Starting [0;1;39mCreate final runt…dir for shutdown pivot root[0m...
         Starting [0;1;39mTell Plymouth To Write Out Runtime Data[0m...
         Starting [0;1;39mCreate Volatile Files and Directories[0m...
         Starting [0;1;39mUncomplicated firewall[0m...
[[0;32m  OK  [0m] Finished [0;1;39mCreate final runt…e dir for shutdown pivot root[0m.
[[0;32m  OK  [0m] Finished [0;1;39mSet console font and keymap[0m.
[[0;32m  OK  [0m] Finished [0;1;39mUncomplicated firewall[0m.
[[0;32m  OK  [0m] Finished [0;1;39mTell Plymouth To Write Out Runtime Data[0m.
[[0;32m  OK  [0m] Started [0;1;39mRule-based Manager for Device Events and Files[0m.
[[0;32m  OK  [0m] Finished [0;1;39mCreate Volatile Files and Directories[0m.
[[0;32m  OK  [0m] Started [0;1;39mDispatch Password …ts to Console Directory Watch[0m.
[[0;32m  OK  [0m] Reached target [0;1;39mLocal Encrypted Volumes[0m.
         Starting [0;1;39mRecord System Boot/Shutdown in UTMP[0m...
[[0;32m  OK  [0m] Finished [0;1;39mRecord System Boot/Shutdown in UTMP[0m.
[[0;32m  OK  [0m] Finished [0;1;39mLoad AppArmor profiles[0m.
         Starting [0;1;39mLoad AppArmor pro…managed internally by snapd[0m...
         Starting [0;1;39mInitial cloud-init job (pre-networking)[0m...
         Mounting [0;1;39mArbitrary Executable File Formats File System[0m...
[[0;32m  OK  [0m] Mounted [0;1;39mArbitrary Executable File Formats File System[0m.
[[0;32m  OK  [0m] Finished [0;1;39mLoad AppArmor pro…s managed internally by snapd[0m.
[[0;32m  OK  [0m] Found device [0;1;39m/dev/ttyS0[0m.
[[0;32m  OK  [0m] Listening on [0;1;39mLoad/Save RF …itch Status /dev/rfkill Watch[0m.
[    4.896299] cloud-init[630]: Cloud-init v. 22.4.2-0ubuntu0~22.04.1 running 'init-local' at Thu, 23 Feb 2023 13:57:21 +0000. Up 4.87 seconds.
[[0;32m  OK  [0m] Finished [0;1;39mInitial cloud-init job (pre-networking)[0m.
[[0;32m  OK  [0m] Reached target [0;1;39mPreparation for Network[0m.
         Starting [0;1;39mNetwork Configuration[0m...
[[0;32m  OK  [0m] Started [0;1;39mNetwork Configuration[0m.
         Starting [0;1;39mWait for Network to be Configured[0m...
         Starting [0;1;39mNetwork Name Resolution[0m...
[[0;32m  OK  [0m] Started [0;1;39mNetwork Name Resolution[0m.
[[0;32m  OK  [0m] Reached target [0;1;39mNetwork[0m.
[[0;32m  OK  [0m] Reached target [0;1;39mHost and Network Name Lookups[0m.
[[0;32m  OK  [0m] Reached target [0;1;39mSound Card[0m.
[[0m[0;31m*     [0m] A start job is running for Wait for…k to be Configured (4s / no limit)
M[K[[0;1;31m*[0m[0;31m*    [0m] A start job is running for Wait for…k to be Configured (5s / no limit)
M[K[[0;31m*[0;1;31m*[0m[0;31m*   [0m] A start job is running for Wait for…k to be Configured (6s / no limit)
M[K[ [0;31m*[0;1;31m*[0m[0;31m*  [0m] A start job is running for Wait for…k to be Configured (6s / no limit)
M[K[  [0;31m*[0;1;31m*[0m[0;31m* [0m] A start job is running for Wait for…k to be Configured (7s / no limit)
M[K[   [0;31m*[0;1;31m*[0m[0;31m*[0m] A start job is running for Wait for…k to be Configured (8s / no limit)
M[K[    [0;31m*[0;1;31m*[0m] A start job is running for Wait for…k to be Configured (8s / no limit)
M[K[     [0;31m*[0m] A start job is running for Wait for…k to be Configured (9s / no limit)
M[K[    [0;31m*[0;1;31m*[0m] A start job is running for Wait for…k to be Configured (9s / no limit)
M[K[   [0;31m*[0;1;31m*[0m[0;31m*[0m] A start job is running for Wait for… to be Configured (10s / no limit)
M[K[  [0;31m*[0;1;31m*[0m[0;31m* [0m] A start job is running for Wait for… to be Configured (11s / no limit)
M[K[ [0;31m*[0;1;31m*[0m[0;31m*  [0m] A start job is running for Wait for… to be Configured (11s / no limit)
M[K[[0;31m*[0;1;31m*[0m[0;31m*   [0m] A start job is running for Wait for… to be Configured (14s / no limit)
M[K[[0;1;31m*[0m[0;31m*    [0m] A start job is running for Wait for… to be Configured (15s / no limit)
M[K[[0m[0;31m*     [0m] A start job is running for Wait for… to be Configured (15s / no limit)
M[K[[0;32m  OK  [0m] Finished [0;1;39mWait for Network to be Configured[0m.
[K         Starting [0;1;39mInitial cloud-ini… (metadata service crawler)[0m...
[   19.494559] cloud-init[667]: Cloud-init v. 22.4.2-0ubuntu0~22.04.1 running 'init' at Thu, 23 Feb 2023 13:57:36 +0000. Up 19.47 seconds.
[   19.500677] cloud-init[667]: ci-info: ++++++++++++++++++++++++++++++++++++++Net device info+++++++++++++++++++++++++++++++++++++++
[   19.501491] cloud-init[667]: ci-info: +--------+------+-----------------------------+---------------+--------+-------------------+
[   19.502301] cloud-init[667]: ci-info: | Device |  Up  |           Address           |      Mask     | Scope  |     Hw-Address    |
[   19.502965] cloud-init[667]: ci-info: +--------+------+-----------------------------+---------------+--------+-------------------+
[   19.503696] cloud-init[667]: ci-info: | enp0s3 | True |          10.0.2.15          | 255.255.255.0 | global | 02:1d:71:e8:cf:d1 |
[   19.504399] cloud-init[667]: ci-info: | enp0s3 | True |  fe80::1d:71ff:fee8:cfd1/64 |       .       |  link  | 02:1d:71:e8:cf:d1 |
[   19.505032] cloud-init[667]: ci-info: | enp0s8 | True |          172.16.2.9         | 255.255.255.0 | global | 08:00:27:d1:7e:1d |
[   19.505658] cloud-init[667]: ci-info: | enp0s8 | True | fe80::a00:27ff:fed1:7e1d/64 |       .       |  link  | 08:00:27:d1:7e:1d |
[   19.506337] cloud-init[667]: ci-info: |   lo   | True |          127.0.0.1          |   255.0.0.0   |  host  |         .         |
[   19.507026] cloud-init[667]: ci-info: |   lo   | True |           ::1/128           |       .       |  host  |         .         |
[   19.507699] cloud-init[667]: ci-info: +--------+------+-----------------------------+---------------+--------+-------------------+
[   19.508341] cloud-init[667]: ci-info: ++++++++++++++++++++++++++++Route IPv4 info+++++++++++++++++++++++++++++
[   19.508875] cloud-init[667]: ci-info: +-------+-------------+----------+-----------------+-----------+-------+
[   19.509490] cloud-init[667]: ci-info: | Route | Destination | Gateway  |     Genmask     | Interface | Flags |
[   19.510129] cloud-init[667]: ci-info: +-------+-------------+----------+-----------------+-----------+-------+
[   19.510731] cloud-init[667]: ci-info: |   0   |   0.0.0.0   | 10.0.2.2 |     0.0.0.0     |   enp0s3  |   UG  |
[   19.511367] cloud-init[667]: ci-info: |   1   |   10.0.2.0  | 0.0.0.0  |  255.255.255.0  |   enp0s3  |   U   |
[   19.512041] cloud-init[667]: ci-info: |   2   |   10.0.2.2  | 0.0.0.0  | 255.255.255.255 |   enp0s3  |   UH  |
[   19.512666] cloud-init[667]: ci-info: |   3   |   10.0.2.3  | 0.0.0.0  | 255.255.255.255 |   enp0s3  |   UH  |
[   19.513266] cloud-init[667]: ci-info: |   4   |  172.16.2.0 | 0.0.0.0  |  255.255.255.0  |   enp0s8  |   U   |
[   19.513870] cloud-init[667]: ci-info: +-------+-------------+----------+-----------------+-----------+-------+
[   19.514475] cloud-init[667]: ci-info: +++++++++++++++++++Route IPv6 info+++++++++++++++++++
[   19.514989] cloud-init[667]: ci-info: +-------+-------------+---------+-----------+-------+
[   19.515516] cloud-init[667]: ci-info: | Route | Destination | Gateway | Interface | Flags |
[   19.516060] cloud-init[667]: ci-info: +-------+-------------+---------+-----------+-------+
[   19.516587] cloud-init[667]: ci-info: |   1   |  fe80::/64  |    ::   |   enp0s8  |   U   |
[   19.517077] cloud-init[667]: ci-info: |   2   |  fe80::/64  |    ::   |   enp0s3  |   U   |
[   19.517576] cloud-init[667]: ci-info: |   4   |    local    |    ::   |   enp0s3  |   U   |
[   19.518074] cloud-init[667]: ci-info: |   5   |    local    |    ::   |   enp0s8  |   U   |
[   19.518647] cloud-init[667]: ci-info: |   6   |  multicast  |    ::   |   enp0s8  |   U   |
[   19.519185] cloud-init[667]: ci-info: |   7   |  multicast  |    ::   |   enp0s3  |   U   |
[   19.519709] cloud-init[667]: ci-info: +-------+-------------+---------+-----------+-------+
[[0;32m  OK  [0m] Finished [0;1;39mInitial cloud-ini…ob (metadata service crawler)[0m.
[[0;32m  OK  [0m] Reached target [0;1;39mCloud-config availability[0m.
[[0;32m  OK  [0m] Reached target [0;1;39mNetwork is Online[0m.
[[0;32m  OK  [0m] Reached target [0;1;39mSystem Initialization[0m.
[[0;32m  OK  [0m] Started [0;1;39mDaily apt download activities[0m.
[[0;32m  OK  [0m] Started [0;1;39mDaily apt upgrade and clean activities[0m.
[[0;32m  OK  [0m] Started [0;1;39mDaily dpkg database backup timer[0m.
[[0;32m  OK  [0m] Started [0;1;39mPeriodic ext4 Onli…ata Check for All Filesystems[0m.
[[0;32m  OK  [0m] Started [0;1;39mDiscard unused blocks once a week[0m.
[[0;32m  OK  [0m] Started [0;1;39mRefresh fwupd metadata regularly[0m.
[[0;32m  OK  [0m] Started [0;1;39mDaily rotation of log files[0m.
[[0;32m  OK  [0m] Started [0;1;39mDaily man-db regeneration[0m.
[[0;32m  OK  [0m] Started [0;1;39mMessage of the Day[0m.
[[0;32m  OK  [0m] Started [0;1;39mClean PHP session files every 30 mins[0m.
[[0;32m  OK  [0m] Started [0;1;39mDaily Cleanup of Temporary Directories[0m.
[[0;32m  OK  [0m] Started [0;1;39mUbuntu Advantage Timer for running repeated jobs[0m.
[[0;32m  OK  [0m] Started [0;1;39mDownload data for …ailed at package install time[0m.
[[0;32m  OK  [0m] Started [0;1;39mCheck to see wheth…w version of Ubuntu available[0m.
[[0;32m  OK  [0m] Reached target [0;1;39mPath Units[0m.
[[0;32m  OK  [0m] Reached target [0;1;39mTimer Units[0m.
[[0;32m  OK  [0m] Listening on [0;1;39mcloud-init hotplug hook socket[0m.
[[0;32m  OK  [0m] Listening on [0;1;39mD-Bus System Message Bus Socket[0m.
[[0;32m  OK  [0m] Listening on [0;1;39mOpen-iSCSI iscsid Socket[0m.
[[0;32m  OK  [0m] Listening on [0;1;39mSocket unix for snap application lxd.daemon[0m.
         Starting [0;1;39mSocket activation for snappy daemon[0m...
[[0;32m  OK  [0m] Listening on [0;1;39mUUID daemon activation socket[0m.
[[0;32m  OK  [0m] Reached target [0;1;39mPreparation for Remote File Systems[0m.
         Mounting [0;1;39m/vagrant[0m...
[[0;32m  OK  [0m] Finished [0;1;39mAvailability of block devices[0m.
[[0;32m  OK  [0m] Listening on [0;1;39mSocket activation for snappy daemon[0m.
[[0;32m  OK  [0m] Reached target [0;1;39mSocket Units[0m.
[[0;32m  OK  [0m] Reached target [0;1;39mBasic System[0m.
[[0;32m  OK  [0m] Started [0;1;39mD-Bus System Message Bus[0m.
[[0;32m  OK  [0m] Started [0;1;39mSave initial kernel messages after boot[0m.
         Starting [0;1;39mRemove Stale Onli…t4 Metadata Check Snapshots[0m...
         Starting [0;1;39mRecord successful boot for GRUB[0m...
[[0;32m  OK  [0m] Started [0;1;39mirqbalance daemon[0m.
         Starting [0;1;39mMySQL Community Server[0m...
         Starting [0;1;39mDispatcher daemon for systemd-networkd[0m...
         Starting [0;1;39mClean php session files[0m...
         Starting [0;1;39mAuthorization Manager[0m...
         Starting [0;1;39mSystem Logging Service[0m...
         Starting [0;1;39mService for snap application lxd.activate[0m...
[[0;32m  OK  [0m] Reached target [0;1;39mPreparation for Logins[0m.
         Starting [0;1;39mSnap Daemon[0m...
         Starting [0;1;39mOpenBSD Secure Shell server[0m...
         Starting [0;1;39mUser Login Management[0m...
         Starting [0;1;39mDisk Manager[0m...
         Starting [0;1;39mVirtualbox guest utils[0m...
[[0;32m  OK  [0m] Mounted [0;1;39m/vagrant[0m.
[[0;32m  OK  [0m] Reached target [0;1;39mRemote File Systems[0m.
         Starting [0;1;39mThe Apache HTTP Server[0m...
         Starting [0;1;39mLSB: automatic crash report generation[0m...
[[0;32m  OK  [0m] Started [0;1;39mRegular background program processing daemon[0m.
         Starting [0;1;39mPermit User Sessions[0m...
[[0;32m  OK  [0m] Finished [0;1;39mPermit User Sessions[0m.
         Starting [0;1;39mHold until boot process finishes up[0m...
         Starting [0;1;39mTerminate Plymouth Boot Screen[0m...
[[0;32m  OK  [0m] Finished [0;1;39mHold until boot process finishes up[0m.
[[0;32m  OK  [0m] Started [0;1;39mSerial Getty on ttyS0[0m.
         Starting [0;1;39mSet console scheme[0m...
[[0;32m  OK  [0m] Finished [0;1;39mSet console scheme[0m.
[[0;32m  OK  [0m] Created slice [0;1;39mSlice /system/getty[0m.
[[0;32m  OK  [0m] Started [0;1;39mGetty on tty1[0m.
[[0;32m  OK  [0m] Reached target [0;1;39mLogin Prompts[0m.
[[0;32m  OK  [0m] Finished [0;1;39mTerminate Plymouth Boot Screen[0m.
[[0;32m  OK  [0m] Finished [0;1;39mRecord successful boot for GRUB[0m.
         Starting [0;1;39mGRUB failed boot detection[0m...
[[0;32m  OK  [0m] Finished [0;1;39mGRUB failed boot detection[0m.
[[0;32m  OK  [0m] Started [0;1;39mSystem Logging Service[0m.
[[0;32m  OK  [0m] Started [0;1;39mOpenBSD Secure Shell server[0m.
[[0;32m  OK  [0m] Started [0;1;39mAuthorization Manager[0m.
         Starting [0;1;39mModem Manager[0m...
[[0;32m  OK  [0m] Started [0;1;39mLSB: automatic crash report generation[0m.
[[0;32m  OK  [0m] Started [0;1;39mUser Login Management[0m.
[[0;32m  OK  [0m] Started [0;1;39mUnattended Upgrades Shutdown[0m.
[[0;32m  OK  [0m] Finished [0;1;39mRemove Stale Onli…ext4 Metadata Check Snapshots[0m.
[[0;32m  OK  [0m] Started [0;1;39mVirtualbox guest utils[0m.
[[0;32m  OK  [0m] Started [0;1;39mDisk Manager[0m.
[[0;32m  OK  [0m] Started [0;1;39mDispatcher daemon for systemd-networkd[0m.
[[0;32m  OK  [0m] Started [0;1;39mThe Apache HTTP Server[0m.
[[0;32m  OK  [0m] Started [0;1;39mModem Manager[0m.
[[0;32m  OK  [0m] Created slice [0;1;39mUser Slice of UID 1000[0m.
         Starting [0;1;39mUser Runtime Directory /run/user/1000[0m...
[[0;32m  OK  [0m] Finished [0;1;39mUser Runtime Directory /run/user/1000[0m.
         Starting [0;1;39mUser Manager for UID 1000[0m...
[[0;32m  OK  [0m] Started [0;1;39mUser Manager for UID 1000[0m.
[[0;32m  OK  [0m] Started [0;1;39mSession 1 of User vagrant[0m.
[[0;32m  OK  [0m] Finished [0;1;39mClean php session files[0m.
[[0;32m  OK  [0m] Started [0;1;39mMySQL Community Server[0m.
[[0;32m  OK  [0m] Started [0;1;39mSnap Daemon[0m.
         Starting [0;1;39mWait until snapd is fully seeded[0m...
         Starting [0;1;39mTime & Date Service[0m...
[[0;32m  OK  [0m] Started [0;1;39mTime & Date Service[0m.
[[0;32m  OK  [0m] Finished [0;1;39mWait until snapd is fully seeded[0m.
         Starting [0;1;39mApply the settings specified in cloud-config[0m...
[[0;32m  OK  [0m] Finished [0;1;39mService for snap application lxd.activate[0m.
[   23.120653] cloud-init[1325]: Cloud-init v. 22.4.2-0ubuntu0~22.04.1 running 'modules:config' at Thu, 23 Feb 2023 13:57:40 +0000. Up 23.07 seconds.
[[0;32m  OK  [0m] Finished [0;1;39mApply the settings specified in cloud-config[0m.
[[0;32m  OK  [0m] Reached target [0;1;39mMulti-User System[0m.
[[0;32m  OK  [0m] Reached target [0;1;39mGraphical Interface[0m.
         Starting [0;1;39mExecute cloud user/final scripts[0m...
         Starting [0;1;39mRecord Runlevel Change in UTMP[0m...
[[0;32m  OK  [0m] Finished [0;1;39mRecord Runlevel Change in UTMP[0m.
[   23.451349] cloud-init[1375]: Cloud-init v. 22.4.2-0ubuntu0~22.04.1 running 'modules:final' at Thu, 23 Feb 2023 13:57:40 +0000. Up 23.41 seconds.
[   23.493767] cloud-init[1375]: Cloud-init v. 22.4.2-0ubuntu0~22.04.1 finished at Thu, 23 Feb 2023 13:57:40 +0000. Datasource DataSourceNoCloud [seed=/dev/sdb][dsmode=net].  Up 23.49 seconds
[[0;32m  OK  [0m] Finished [0;1;39mExecute cloud user/final scripts[0m.
[[0;32m  OK  [0m] Reached target [0;1;39mCloud-init target[0m.

Ubuntu 22.04.2 LTS ubuntu-bionic ttyS0

ubuntu-bionic login: 